TN:
SF:script/basic_deploy.sol
DA:10,0
FN:10,BasicDeployment.run
FNDA:0,BasicDeployment.run
DA:11,0
DA:13,0
DA:14,0
DA:15,0
DA:18,0
FN:18,BasicDeployment.deploy
FNDA:0,BasicDeployment.deploy
DA:20,0
DA:22,0
DA:24,0
DA:26,0
DA:29,0
FN:29,BasicDeployment.deployToken
FNDA:0,BasicDeployment.deployToken
DA:30,0
DA:33,0
FN:33,BasicDeployment.deployExchange
FNDA:0,BasicDeployment.deployExchange
DA:34,0
DA:37,0
FN:37,BasicDeployment.getDeployerAddr
FNDA:0,BasicDeployment.getDeployerAddr
DA:38,0
DA:39,0
DA:42,0
FN:42,BasicDeployment.getDeployerPK
FNDA:0,BasicDeployment.getDeployerPK
DA:43,0
DA:44,0
FNF:6
FNH:0
LF:20
LH:0
BRF:0
BRH:0
end_of_record
TN:
SF:src/exchange.sol
DA:41,13
FN:41,TokenExchange.constructor
FNDA:13,TokenExchange.constructor
DA:42,13
DA:43,13
DA:45,13
BRDA:45,0,0,-
BRDA:45,0,1,13
DA:48,4
FN:48,TokenExchange.balanceOf
FNDA:4,TokenExchange.balanceOf
DA:49,4
DA:50,10
BRDA:50,1,0,4
DA:51,4
DA:55,0
DA:62,13
FN:62,TokenExchange.createPool
FNDA:13,TokenExchange.createPool
DA:66,13
BRDA:66,2,0,-
BRDA:66,2,1,13
DA:67,13
BRDA:67,3,0,-
BRDA:67,3,1,13
DA:70,13
BRDA:70,4,0,-
BRDA:70,4,1,13
DA:71,13
DA:72,13
BRDA:72,5,0,-
BRDA:72,5,1,13
DA:76,13
BRDA:76,6,0,-
BRDA:76,6,1,13
DA:78,13
DA:79,13
DA:80,13
DA:82,13
DA:84,13
DA:86,13
DA:90,1
FN:90,TokenExchange.getSwapFee
FNDA:1,TokenExchange.getSwapFee
DA:91,11
DA:94,4
FN:94,TokenExchange.addLiquidity
FNDA:4,TokenExchange.addLiquidity
DA:95,4
BRDA:95,7,0,-
BRDA:95,7,1,4
DA:96,4
BRDA:96,8,0,-
BRDA:96,8,1,4
DA:99,4
DA:100,4
DA:102,4
BRDA:102,9,0,-
BRDA:102,9,1,4
DA:104,4
DA:105,4
DA:107,4
BRDA:107,10,0,-
DA:108,0
DA:110,4
BRDA:110,11,0,-
DA:111,0
DA:114,4
DA:116,3
DA:117,3
DA:119,3
BRDA:119,12,0,3
DA:120,3
DA:123,3
DA:124,3
DA:128,1
FN:128,TokenExchange.removeLiquidity
FNDA:1,TokenExchange.removeLiquidity
DA:133,1
BRDA:133,13,0,-
BRDA:133,13,1,1
DA:135,1
DA:137,1
DA:138,1
BRDA:138,14,0,-
BRDA:138,14,1,1
DA:142,1
DA:143,1
DA:145,1
BRDA:145,15,0,-
DA:146,0
DA:148,1
BRDA:148,16,0,-
DA:149,0
DA:152,1
DA:154,1
DA:155,1
DA:157,1
DA:158,1
DA:160,1
DA:161,1
BRDA:161,17,0,-
BRDA:161,17,1,1
DA:163,1
DA:165,1
DA:167,1
BRDA:167,18,0,-
DA:168,0
DA:169,0
BRDA:169,19,0,-
DA:170,0
DA:171,0
DA:172,0
DA:177,1
DA:182,0
FN:182,TokenExchange.removeAllLiquidity
FNDA:0,TokenExchange.removeAllLiquidity
DA:186,0
DA:188,0
DA:195,2
FN:195,TokenExchange.getInputPrice
FNDA:2,TokenExchange.getInputPrice
DA:196,10
DA:198,10
DA:201,10
DA:205,7
FN:205,TokenExchange.calculateExchangeRateFromTokensAmount
FNDA:7,TokenExchange.calculateExchangeRateFromTokensAmount
DA:206,7
DA:210,4
FN:210,TokenExchange.swapTokensForETH
FNDA:4,TokenExchange.swapTokensForETH
DA:211,4
BRDA:211,20,0,-
BRDA:211,20,1,4
DA:213,4
DA:214,4
DA:216,4
DA:217,4
BRDA:217,21,0,1
DA:218,1
DA:221,3
BRDA:221,22,0,-
BRDA:221,22,1,3
DA:223,3
DA:224,3
DA:225,3
BRDA:225,23,0,-
BRDA:225,23,1,3
DA:228,3
DA:229,3
DA:231,3
DA:239,4
FN:239,TokenExchange.swapETHForTokens
FNDA:4,TokenExchange.swapETHForTokens
DA:240,4
DA:242,4
BRDA:242,24,0,-
BRDA:242,24,1,4
DA:244,4
DA:245,4
DA:248,4
DA:249,4
BRDA:249,25,0,1
DA:250,1
DA:253,3
BRDA:253,26,0,-
BRDA:253,26,1,3
DA:255,3
DA:256,3
DA:258,3
DA:259,3
DA:261,3
FNF:11
FNH:10
LF:107
LH:94
BRF:44
BRH:21
end_of_record
TN:
SF:src/token.sol
DA:16,26
FN:16,Token.mint
FNDA:26,Token.mint
DA:17,26
BRDA:17,0,0,-
BRDA:17,0,1,26
DA:18,26
DA:21,0
FN:21,Token.disable_mint
FNDA:0,Token.disable_mint
FNF:2
FNH:1
LF:4
LH:3
BRF:2
BRH:1
end_of_record
TN:
SF:test/TestBase.sol
DA:21,13
FN:21,CustomTestBase.setUp
FNDA:13,CustomTestBase.setUp
DA:22,13
DA:23,13
DA:24,13
DA:26,13
DA:27,13
DA:28,13
DA:30,13
DA:32,13
DA:33,13
DA:35,13
DA:36,13
DA:38,13
DA:39,13
DA:41,13
DA:42,13
DA:44,13
DA:46,13
FNF:1
FNH:1
LF:18
LH:18
BRF:0
BRH:0
end_of_record
