TN:
SF:script/basic_deploy.sol
DA:9,0
FN:9,BasicDeployment.run
FNDA:0,BasicDeployment.run
DA:10,0
DA:12,0
DA:13,0
DA:14,0
DA:17,0
FN:17,BasicDeployment.deploy
FNDA:0,BasicDeployment.deploy
DA:18,0
DA:20,0
DA:22,0
DA:24,0
DA:27,0
FN:27,BasicDeployment.deployToken
FNDA:0,BasicDeployment.deployToken
DA:28,0
DA:31,0
FN:31,BasicDeployment.deployExchange
FNDA:0,BasicDeployment.deployExchange
DA:32,0
DA:35,0
FN:35,BasicDeployment.getDeployerAddr
FNDA:0,BasicDeployment.getDeployerAddr
DA:36,0
DA:37,0
DA:40,0
FN:40,BasicDeployment.getDeployerPK
FNDA:0,BasicDeployment.getDeployerPK
DA:41,0
DA:42,0
FNF:6
FNH:0
LF:20
LH:0
BRF:0
BRH:0
end_of_record
TN:
SF:src/exchange.sol
DA:41,24
FN:41,TokenExchange.constructor
FNDA:24,TokenExchange.constructor
DA:42,24
DA:43,24
DA:45,24
BRDA:45,0,0,-
BRDA:45,0,1,24
DA:48,4
FN:48,TokenExchange.balanceOf
FNDA:4,TokenExchange.balanceOf
DA:49,4
DA:50,10
BRDA:50,1,0,4
DA:51,4
DA:55,0
DA:62,47
FN:62,TokenExchange.createPool
FNDA:47,TokenExchange.createPool
DA:66,47
BRDA:66,2,0,1
BRDA:66,2,1,46
DA:67,46
BRDA:67,3,0,-
BRDA:67,3,1,46
DA:70,46
BRDA:70,4,0,11
BRDA:70,4,1,35
DA:71,35
DA:72,35
BRDA:72,5,0,11
BRDA:72,5,1,24
DA:76,24
BRDA:76,6,0,-
BRDA:76,6,1,24
DA:78,24
DA:79,24
DA:80,24
DA:82,24
DA:84,24
DA:86,24
DA:90,1
FN:90,TokenExchange.getSwapFee
FNDA:1,TokenExchange.getSwapFee
DA:91,13
DA:94,14
FN:94,TokenExchange.addLiquidity
FNDA:14,TokenExchange.addLiquidity
DA:95,14
BRDA:95,7,0,-
BRDA:95,7,1,14
DA:96,14
BRDA:96,8,0,-
BRDA:96,8,1,14
DA:99,14
DA:100,14
DA:102,14
BRDA:102,9,0,-
BRDA:102,9,1,14
DA:104,14
DA:105,14
DA:107,14
BRDA:107,10,0,1
DA:108,1
DA:110,13
BRDA:110,11,0,2
DA:111,2
DA:114,11
DA:116,10
DA:117,10
DA:119,10
BRDA:119,12,0,10
DA:120,10
DA:123,10
DA:124,10
DA:128,6
FN:128,TokenExchange.removeLiquidity
FNDA:6,TokenExchange.removeLiquidity
DA:133,8
BRDA:133,13,0,-
BRDA:133,13,1,8
DA:135,8
DA:137,8
DA:138,8
BRDA:138,14,0,1
BRDA:138,14,1,7
DA:142,7
DA:143,7
DA:145,7
BRDA:145,15,0,3
DA:146,3
DA:148,4
BRDA:148,16,0,1
DA:149,1
DA:152,3
DA:154,3
DA:155,3
DA:157,3
DA:158,3
DA:160,3
DA:161,3
BRDA:161,17,0,-
BRDA:161,17,1,3
DA:163,3
DA:165,3
DA:167,3
BRDA:167,18,0,2
DA:168,2
DA:169,4
BRDA:169,19,0,2
DA:170,2
DA:171,2
DA:172,2
DA:177,3
DA:182,2
FN:182,TokenExchange.removeAllLiquidity
FNDA:2,TokenExchange.removeAllLiquidity
DA:186,2
DA:188,2
DA:195,2
FN:195,TokenExchange.getInputPrice
FNDA:2,TokenExchange.getInputPrice
DA:196,12
DA:198,12
DA:201,12
DA:205,5
FN:205,TokenExchange.calculateExchangeRateFromTokensAmount
FNDA:5,TokenExchange.calculateExchangeRateFromTokensAmount
DA:206,5
DA:210,6
FN:210,TokenExchange.swapTokensForETH
FNDA:6,TokenExchange.swapTokensForETH
DA:211,6
BRDA:211,20,0,1
BRDA:211,20,1,5
DA:213,5
DA:214,5
DA:216,5
DA:217,5
BRDA:217,21,0,2
DA:218,2
DA:221,3
BRDA:221,22,0,-
BRDA:221,22,1,3
DA:223,3
DA:224,3
DA:225,3
BRDA:225,23,0,-
BRDA:225,23,1,3
DA:228,3
DA:229,3
DA:231,3
DA:239,6
FN:239,TokenExchange.swapETHForTokens
FNDA:6,TokenExchange.swapETHForTokens
DA:240,6
DA:242,6
BRDA:242,24,0,1
BRDA:242,24,1,5
DA:244,5
DA:245,5
DA:248,5
DA:249,5
BRDA:249,25,0,2
DA:250,2
DA:253,3
BRDA:253,26,0,-
BRDA:253,26,1,3
DA:255,3
DA:256,3
DA:258,3
DA:259,3
DA:261,3
DA:264,11
FN:264,TokenExchange.getLPT
FNDA:11,TokenExchange.getLPT
DA:265,11
FNF:12
FNH:12
LF:109
LH:108
BRF:44
BRH:33
end_of_record
TN:
SF:src/token.sol
DA:13,35
FN:13,Token.mint
FNDA:35,Token.mint
DA:14,35
BRDA:14,0,0,-
BRDA:14,0,1,35
DA:15,35
DA:18,0
FN:18,Token.disable_mint
FNDA:0,Token.disable_mint
FNF:2
FNH:1
LF:4
LH:3
BRF:2
BRH:1
end_of_record
TN:
SF:test/TestBase.sol
DA:21,11
FN:21,CustomTestBase.setUp
FNDA:11,CustomTestBase.setUp
DA:22,11
DA:23,11
DA:24,11
DA:26,11
DA:27,11
DA:28,11
DA:30,11
DA:32,11
DA:33,11
DA:35,11
DA:36,11
DA:38,11
DA:40,11
DA:41,11
DA:42,11
DA:44,11
DA:47,11
DA:48,11
DA:50,11
DA:52,11
DA:54,11
FNF:1
FNH:1
LF:22
LH:22
BRF:0
BRH:0
end_of_record
